<?xml version="1.0" encoding="UTF-8"?>
<testsuite xmlns:xsi="http://www.w3.org/2001/XMLSchema-instance" xsi:noNamespaceSchemaLocation="https://maven.apache.org/surefire/maven-surefire-plugin/xsd/surefire-test-report-3.0.xsd" version="3.0" name="com.matcarv.app.business.ClienteBusinessImplTest" time="0.297" tests="5" errors="0" skipped="0" failures="0">
  <properties>
    <property name="java.specification.version" value="21"/>
    <property name="sun.jnu.encoding" value="UTF-8"/>
    <property name="java.class.path" value="/Users/matos.weslley/Desktop/matcarv-mockito-test-api/target/test-classes:/Users/matos.weslley/Desktop/matcarv-mockito-test-api/target/classes:/Users/matos.weslley/apache-maven-3.9.6/repo/org/springframework/boot/spring-boot-starter-web/3.3.13/spring-boot-starter-web-3.3.13.jar:/Users/matos.weslley/apache-maven-3.9.6/repo/org/springframework/boot/spring-boot-starter/3.3.13/spring-boot-starter-3.3.13.jar:/Users/matos.weslley/apache-maven-3.9.6/repo/org/springframework/boot/spring-boot/3.3.13/spring-boot-3.3.13.jar:/Users/matos.weslley/apache-maven-3.9.6/repo/org/springframework/boot/spring-boot-autoconfigure/3.3.13/spring-boot-autoconfigure-3.3.13.jar:/Users/matos.weslley/apache-maven-3.9.6/repo/org/springframework/boot/spring-boot-starter-logging/3.3.13/spring-boot-starter-logging-3.3.13.jar:/Users/matos.weslley/apache-maven-3.9.6/repo/ch/qos/logback/logback-classic/1.5.18/logback-classic-1.5.18.jar:/Users/matos.weslley/apache-maven-3.9.6/repo/ch/qos/logback/logback-core/1.5.18/logback-core-1.5.18.jar:/Users/matos.weslley/apache-maven-3.9.6/repo/org/apache/logging/log4j/log4j-to-slf4j/2.23.1/log4j-to-slf4j-2.23.1.jar:/Users/matos.weslley/apache-maven-3.9.6/repo/org/apache/logging/log4j/log4j-api/2.23.1/log4j-api-2.23.1.jar:/Users/matos.weslley/apache-maven-3.9.6/repo/org/slf4j/jul-to-slf4j/2.0.17/jul-to-slf4j-2.0.17.jar:/Users/matos.weslley/apache-maven-3.9.6/repo/jakarta/annotation/jakarta.annotation-api/2.1.1/jakarta.annotation-api-2.1.1.jar:/Users/matos.weslley/apache-maven-3.9.6/repo/org/yaml/snakeyaml/2.2/snakeyaml-2.2.jar:/Users/matos.weslley/apache-maven-3.9.6/repo/org/springframework/boot/spring-boot-starter-json/3.3.13/spring-boot-starter-json-3.3.13.jar:/Users/matos.weslley/apache-maven-3.9.6/repo/com/fasterxml/jackson/core/jackson-databind/2.17.3/jackson-databind-2.17.3.jar:/Users/matos.weslley/apache-maven-3.9.6/repo/com/fasterxml/jackson/core/jackson-annotations/2.17.3/jackson-annotations-2.17.3.jar:/Users/matos.weslley/apache-maven-3.9.6/repo/com/fasterxml/jackson/core/jackson-core/2.17.3/jackson-core-2.17.3.jar:/Users/matos.weslley/apache-maven-3.9.6/repo/com/fasterxml/jackson/datatype/jackson-datatype-jdk8/2.17.3/jackson-datatype-jdk8-2.17.3.jar:/Users/matos.weslley/apache-maven-3.9.6/repo/com/fasterxml/jackson/datatype/jackson-datatype-jsr310/2.17.3/jackson-datatype-jsr310-2.17.3.jar:/Users/matos.weslley/apache-maven-3.9.6/repo/com/fasterxml/jackson/module/jackson-module-parameter-names/2.17.3/jackson-module-parameter-names-2.17.3.jar:/Users/matos.weslley/apache-maven-3.9.6/repo/org/springframework/boot/spring-boot-starter-tomcat/3.3.13/spring-boot-starter-tomcat-3.3.13.jar:/Users/matos.weslley/apache-maven-3.9.6/repo/org/apache/tomcat/embed/tomcat-embed-core/10.1.42/tomcat-embed-core-10.1.42.jar:/Users/matos.weslley/apache-maven-3.9.6/repo/org/apache/tomcat/embed/tomcat-embed-websocket/10.1.42/tomcat-embed-websocket-10.1.42.jar:/Users/matos.weslley/apache-maven-3.9.6/repo/org/springframework/spring-web/6.1.21/spring-web-6.1.21.jar:/Users/matos.weslley/apache-maven-3.9.6/repo/org/springframework/spring-beans/6.1.21/spring-beans-6.1.21.jar:/Users/matos.weslley/apache-maven-3.9.6/repo/org/springframework/spring-webmvc/6.1.21/spring-webmvc-6.1.21.jar:/Users/matos.weslley/apache-maven-3.9.6/repo/org/springframework/spring-context/6.1.21/spring-context-6.1.21.jar:/Users/matos.weslley/apache-maven-3.9.6/repo/org/springframework/spring-expression/6.1.21/spring-expression-6.1.21.jar:/Users/matos.weslley/apache-maven-3.9.6/repo/org/springframework/boot/spring-boot-starter-data-jpa/3.3.13/spring-boot-starter-data-jpa-3.3.13.jar:/Users/matos.weslley/apache-maven-3.9.6/repo/org/springframework/boot/spring-boot-starter-aop/3.3.13/spring-boot-starter-aop-3.3.13.jar:/Users/matos.weslley/apache-maven-3.9.6/repo/org/aspectj/aspectjweaver/1.9.24/aspectjweaver-1.9.24.jar:/Users/matos.weslley/apache-maven-3.9.6/repo/org/springframework/boot/spring-boot-starter-jdbc/3.3.13/spring-boot-starter-jdbc-3.3.13.jar:/Users/matos.weslley/apache-maven-3.9.6/repo/com/zaxxer/HikariCP/5.1.0/HikariCP-5.1.0.jar:/Users/matos.weslley/apache-maven-3.9.6/repo/org/springframework/spring-jdbc/6.1.21/spring-jdbc-6.1.21.jar:/Users/matos.weslley/apache-maven-3.9.6/repo/org/hibernate/orm/hibernate-core/6.5.3.Final/hibernate-core-6.5.3.Final.jar:/Users/matos.weslley/apache-maven-3.9.6/repo/jakarta/persistence/jakarta.persistence-api/3.1.0/jakarta.persistence-api-3.1.0.jar:/Users/matos.weslley/apache-maven-3.9.6/repo/jakarta/transaction/jakarta.transaction-api/2.0.1/jakarta.transaction-api-2.0.1.jar:/Users/matos.weslley/apache-maven-3.9.6/repo/org/jboss/logging/jboss-logging/3.5.3.Final/jboss-logging-3.5.3.Final.jar:/Users/matos.weslley/apache-maven-3.9.6/repo/org/hibernate/common/hibernate-commons-annotations/6.0.6.Final/hibernate-commons-annotations-6.0.6.Final.jar:/Users/matos.weslley/apache-maven-3.9.6/repo/io/smallrye/jandex/3.1.2/jandex-3.1.2.jar:/Users/matos.weslley/apache-maven-3.9.6/repo/com/fasterxml/classmate/1.7.0/classmate-1.7.0.jar:/Users/matos.weslley/apache-maven-3.9.6/repo/org/glassfish/jaxb/jaxb-runtime/4.0.5/jaxb-runtime-4.0.5.jar:/Users/matos.weslley/apache-maven-3.9.6/repo/org/glassfish/jaxb/jaxb-core/4.0.5/jaxb-core-4.0.5.jar:/Users/matos.weslley/apache-maven-3.9.6/repo/org/eclipse/angus/angus-activation/2.0.2/angus-activation-2.0.2.jar:/Users/matos.weslley/apache-maven-3.9.6/repo/org/glassfish/jaxb/txw2/4.0.5/txw2-4.0.5.jar:/Users/matos.weslley/apache-maven-3.9.6/repo/com/sun/istack/istack-commons-runtime/4.1.2/istack-commons-runtime-4.1.2.jar:/Users/matos.weslley/apache-maven-3.9.6/repo/jakarta/inject/jakarta.inject-api/2.0.1/jakarta.inject-api-2.0.1.jar:/Users/matos.weslley/apache-maven-3.9.6/repo/org/antlr/antlr4-runtime/4.13.0/antlr4-runtime-4.13.0.jar:/Users/matos.weslley/apache-maven-3.9.6/repo/org/springframework/data/spring-data-jpa/3.3.13/spring-data-jpa-3.3.13.jar:/Users/matos.weslley/apache-maven-3.9.6/repo/org/springframework/data/spring-data-commons/3.3.13/spring-data-commons-3.3.13.jar:/Users/matos.weslley/apache-maven-3.9.6/repo/org/springframework/spring-orm/6.1.21/spring-orm-6.1.21.jar:/Users/matos.weslley/apache-maven-3.9.6/repo/org/springframework/spring-tx/6.1.21/spring-tx-6.1.21.jar:/Users/matos.weslley/apache-maven-3.9.6/repo/org/slf4j/slf4j-api/2.0.17/slf4j-api-2.0.17.jar:/Users/matos.weslley/apache-maven-3.9.6/repo/org/springframework/spring-aspects/6.1.21/spring-aspects-6.1.21.jar:/Users/matos.weslley/apache-maven-3.9.6/repo/org/springframework/boot/spring-boot-starter-security/3.3.13/spring-boot-starter-security-3.3.13.jar:/Users/matos.weslley/apache-maven-3.9.6/repo/org/springframework/spring-aop/6.1.21/spring-aop-6.1.21.jar:/Users/matos.weslley/apache-maven-3.9.6/repo/org/springframework/security/spring-security-config/6.3.10/spring-security-config-6.3.10.jar:/Users/matos.weslley/apache-maven-3.9.6/repo/org/springframework/security/spring-security-core/6.3.10/spring-security-core-6.3.10.jar:/Users/matos.weslley/apache-maven-3.9.6/repo/org/springframework/security/spring-security-crypto/6.3.10/spring-security-crypto-6.3.10.jar:/Users/matos.weslley/apache-maven-3.9.6/repo/org/springframework/security/spring-security-web/6.3.10/spring-security-web-6.3.10.jar:/Users/matos.weslley/apache-maven-3.9.6/repo/org/springframework/boot/spring-boot-starter-validation/3.3.13/spring-boot-starter-validation-3.3.13.jar:/Users/matos.weslley/apache-maven-3.9.6/repo/org/apache/tomcat/embed/tomcat-embed-el/10.1.42/tomcat-embed-el-10.1.42.jar:/Users/matos.weslley/apache-maven-3.9.6/repo/org/hibernate/validator/hibernate-validator/8.0.2.Final/hibernate-validator-8.0.2.Final.jar:/Users/matos.weslley/apache-maven-3.9.6/repo/jakarta/validation/jakarta.validation-api/3.0.2/jakarta.validation-api-3.0.2.jar:/Users/matos.weslley/apache-maven-3.9.6/repo/org/springframework/boot/spring-boot-starter-actuator/3.3.13/spring-boot-starter-actuator-3.3.13.jar:/Users/matos.weslley/apache-maven-3.9.6/repo/org/springframework/boot/spring-boot-actuator-autoconfigure/3.3.13/spring-boot-actuator-autoconfigure-3.3.13.jar:/Users/matos.weslley/apache-maven-3.9.6/repo/org/springframework/boot/spring-boot-actuator/3.3.13/spring-boot-actuator-3.3.13.jar:/Users/matos.weslley/apache-maven-3.9.6/repo/io/micrometer/micrometer-observation/1.13.15/micrometer-observation-1.13.15.jar:/Users/matos.weslley/apache-maven-3.9.6/repo/io/micrometer/micrometer-commons/1.13.15/micrometer-commons-1.13.15.jar:/Users/matos.weslley/apache-maven-3.9.6/repo/io/micrometer/micrometer-jakarta9/1.13.15/micrometer-jakarta9-1.13.15.jar:/Users/matos.weslley/apache-maven-3.9.6/repo/io/micrometer/micrometer-core/1.13.15/micrometer-core-1.13.15.jar:/Users/matos.weslley/apache-maven-3.9.6/repo/org/hdrhistogram/HdrHistogram/2.2.2/HdrHistogram-2.2.2.jar:/Users/matos.weslley/apache-maven-3.9.6/repo/org/latencyutils/LatencyUtils/2.0.3/LatencyUtils-2.0.3.jar:/Users/matos.weslley/apache-maven-3.9.6/repo/org/springframework/boot/spring-boot-starter-test/3.3.13/spring-boot-starter-test-3.3.13.jar:/Users/matos.weslley/apache-maven-3.9.6/repo/org/springframework/boot/spring-boot-test/3.3.13/spring-boot-test-3.3.13.jar:/Users/matos.weslley/apache-maven-3.9.6/repo/org/springframework/boot/spring-boot-test-autoconfigure/3.3.13/spring-boot-test-autoconfigure-3.3.13.jar:/Users/matos.weslley/apache-maven-3.9.6/repo/com/jayway/jsonpath/json-path/2.9.0/json-path-2.9.0.jar:/Users/matos.weslley/apache-maven-3.9.6/repo/jakarta/xml/bind/jakarta.xml.bind-api/4.0.2/jakarta.xml.bind-api-4.0.2.jar:/Users/matos.weslley/apache-maven-3.9.6/repo/jakarta/activation/jakarta.activation-api/2.1.3/jakarta.activation-api-2.1.3.jar:/Users/matos.weslley/apache-maven-3.9.6/repo/net/minidev/json-smart/2.5.2/json-smart-2.5.2.jar:/Users/matos.weslley/apache-maven-3.9.6/repo/net/minidev/accessors-smart/2.5.2/accessors-smart-2.5.2.jar:/Users/matos.weslley/apache-maven-3.9.6/repo/org/ow2/asm/asm/9.7.1/asm-9.7.1.jar:/Users/matos.weslley/apache-maven-3.9.6/repo/org/assertj/assertj-core/3.25.3/assertj-core-3.25.3.jar:/Users/matos.weslley/apache-maven-3.9.6/repo/org/awaitility/awaitility/4.2.2/awaitility-4.2.2.jar:/Users/matos.weslley/apache-maven-3.9.6/repo/org/hamcrest/hamcrest/2.2/hamcrest-2.2.jar:/Users/matos.weslley/apache-maven-3.9.6/repo/org/junit/jupiter/junit-jupiter/5.10.5/junit-jupiter-5.10.5.jar:/Users/matos.weslley/apache-maven-3.9.6/repo/org/junit/jupiter/junit-jupiter-params/5.10.5/junit-jupiter-params-5.10.5.jar:/Users/matos.weslley/apache-maven-3.9.6/repo/org/junit/jupiter/junit-jupiter-engine/5.10.5/junit-jupiter-engine-5.10.5.jar:/Users/matos.weslley/apache-maven-3.9.6/repo/org/junit/platform/junit-platform-engine/1.10.5/junit-platform-engine-1.10.5.jar:/Users/matos.weslley/apache-maven-3.9.6/repo/org/skyscreamer/jsonassert/1.5.3/jsonassert-1.5.3.jar:/Users/matos.weslley/apache-maven-3.9.6/repo/com/vaadin/external/google/android-json/0.0.20131108.vaadin1/android-json-0.0.20131108.vaadin1.jar:/Users/matos.weslley/apache-maven-3.9.6/repo/org/springframework/spring-core/6.1.21/spring-core-6.1.21.jar:/Users/matos.weslley/apache-maven-3.9.6/repo/org/springframework/spring-jcl/6.1.21/spring-jcl-6.1.21.jar:/Users/matos.weslley/apache-maven-3.9.6/repo/org/springframework/spring-test/6.1.21/spring-test-6.1.21.jar:/Users/matos.weslley/apache-maven-3.9.6/repo/org/xmlunit/xmlunit-core/2.9.1/xmlunit-core-2.9.1.jar:/Users/matos.weslley/apache-maven-3.9.6/repo/org/projectlombok/lombok/1.18.38/lombok-1.18.38.jar:/Users/matos.weslley/apache-maven-3.9.6/repo/mysql/mysql-connector-java/8.0.28/mysql-connector-java-8.0.28.jar:/Users/matos.weslley/apache-maven-3.9.6/repo/com/google/protobuf/protobuf-java/3.11.4/protobuf-java-3.11.4.jar:/Users/matos.weslley/apache-maven-3.9.6/repo/org/springdoc/springdoc-openapi-starter-webmvc-ui/2.5.0/springdoc-openapi-starter-webmvc-ui-2.5.0.jar:/Users/matos.weslley/apache-maven-3.9.6/repo/org/springdoc/springdoc-openapi-starter-webmvc-api/2.5.0/springdoc-openapi-starter-webmvc-api-2.5.0.jar:/Users/matos.weslley/apache-maven-3.9.6/repo/org/springdoc/springdoc-openapi-starter-common/2.5.0/springdoc-openapi-starter-common-2.5.0.jar:/Users/matos.weslley/apache-maven-3.9.6/repo/io/swagger/core/v3/swagger-core-jakarta/2.2.21/swagger-core-jakarta-2.2.21.jar:/Users/matos.weslley/apache-maven-3.9.6/repo/org/apache/commons/commons-lang3/3.14.0/commons-lang3-3.14.0.jar:/Users/matos.weslley/apache-maven-3.9.6/repo/io/swagger/core/v3/swagger-annotations-jakarta/2.2.21/swagger-annotations-jakarta-2.2.21.jar:/Users/matos.weslley/apache-maven-3.9.6/repo/io/swagger/core/v3/swagger-models-jakarta/2.2.21/swagger-models-jakarta-2.2.21.jar:/Users/matos.weslley/apache-maven-3.9.6/repo/com/fasterxml/jackson/dataformat/jackson-dataformat-yaml/2.17.3/jackson-dataformat-yaml-2.17.3.jar:/Users/matos.weslley/apache-maven-3.9.6/repo/org/webjars/swagger-ui/5.13.0/swagger-ui-5.13.0.jar:/Users/matos.weslley/apache-maven-3.9.6/repo/org/mockito/mockito-core/5.11.0/mockito-core-5.11.0.jar:/Users/matos.weslley/apache-maven-3.9.6/repo/net/bytebuddy/byte-buddy/1.14.19/byte-buddy-1.14.19.jar:/Users/matos.weslley/apache-maven-3.9.6/repo/net/bytebuddy/byte-buddy-agent/1.14.19/byte-buddy-agent-1.14.19.jar:/Users/matos.weslley/apache-maven-3.9.6/repo/org/objenesis/objenesis/3.3/objenesis-3.3.jar:/Users/matos.weslley/apache-maven-3.9.6/repo/org/mockito/mockito-junit-jupiter/5.11.0/mockito-junit-jupiter-5.11.0.jar:/Users/matos.weslley/apache-maven-3.9.6/repo/org/junit/jupiter/junit-jupiter-api/5.10.5/junit-jupiter-api-5.10.5.jar:/Users/matos.weslley/apache-maven-3.9.6/repo/org/opentest4j/opentest4j/1.3.0/opentest4j-1.3.0.jar:/Users/matos.weslley/apache-maven-3.9.6/repo/org/junit/platform/junit-platform-commons/1.10.5/junit-platform-commons-1.10.5.jar:/Users/matos.weslley/apache-maven-3.9.6/repo/org/apiguardian/apiguardian-api/1.1.2/apiguardian-api-1.1.2.jar:/Users/matos.weslley/apache-maven-3.9.6/repo/com/h2database/h2/2.2.224/h2-2.2.224.jar:"/>
    <property name="java.vm.vendor" value="Eclipse Adoptium"/>
    <property name="sun.arch.data.model" value="64"/>
    <property name="java.vendor.url" value="https://adoptium.net/"/>
    <property name="user.timezone" value="America/Sao_Paulo"/>
    <property name="os.name" value="Mac OS X"/>
    <property name="java.vm.specification.version" value="21"/>
    <property name="sun.java.launcher" value="SUN_STANDARD"/>
    <property name="user.country" value="BR"/>
    <property name="sun.boot.library.path" value="/Library/Java/JavaVirtualMachines/temurin-21.jdk/Contents/Home/lib"/>
    <property name="sun.java.command" value="/Users/matos.weslley/Desktop/matcarv-mockito-test-api/target/surefire/surefirebooter-20250906145651182_3.jar /Users/matos.weslley/Desktop/matcarv-mockito-test-api/target/surefire 2025-09-06T14-56-51_134-jvmRun1 surefire-20250906145651182_1tmp surefire_0-20250906145651182_2tmp"/>
    <property name="http.nonProxyHosts" value="local|*.local|169.254/16|*.169.254/16"/>
    <property name="jdk.debug" value="release"/>
    <property name="surefire.test.class.path" value="/Users/matos.weslley/Desktop/matcarv-mockito-test-api/target/test-classes:/Users/matos.weslley/Desktop/matcarv-mockito-test-api/target/classes:/Users/matos.weslley/apache-maven-3.9.6/repo/org/springframework/boot/spring-boot-starter-web/3.3.13/spring-boot-starter-web-3.3.13.jar:/Users/matos.weslley/apache-maven-3.9.6/repo/org/springframework/boot/spring-boot-starter/3.3.13/spring-boot-starter-3.3.13.jar:/Users/matos.weslley/apache-maven-3.9.6/repo/org/springframework/boot/spring-boot/3.3.13/spring-boot-3.3.13.jar:/Users/matos.weslley/apache-maven-3.9.6/repo/org/springframework/boot/spring-boot-autoconfigure/3.3.13/spring-boot-autoconfigure-3.3.13.jar:/Users/matos.weslley/apache-maven-3.9.6/repo/org/springframework/boot/spring-boot-starter-logging/3.3.13/spring-boot-starter-logging-3.3.13.jar:/Users/matos.weslley/apache-maven-3.9.6/repo/ch/qos/logback/logback-classic/1.5.18/logback-classic-1.5.18.jar:/Users/matos.weslley/apache-maven-3.9.6/repo/ch/qos/logback/logback-core/1.5.18/logback-core-1.5.18.jar:/Users/matos.weslley/apache-maven-3.9.6/repo/org/apache/logging/log4j/log4j-to-slf4j/2.23.1/log4j-to-slf4j-2.23.1.jar:/Users/matos.weslley/apache-maven-3.9.6/repo/org/apache/logging/log4j/log4j-api/2.23.1/log4j-api-2.23.1.jar:/Users/matos.weslley/apache-maven-3.9.6/repo/org/slf4j/jul-to-slf4j/2.0.17/jul-to-slf4j-2.0.17.jar:/Users/matos.weslley/apache-maven-3.9.6/repo/jakarta/annotation/jakarta.annotation-api/2.1.1/jakarta.annotation-api-2.1.1.jar:/Users/matos.weslley/apache-maven-3.9.6/repo/org/yaml/snakeyaml/2.2/snakeyaml-2.2.jar:/Users/matos.weslley/apache-maven-3.9.6/repo/org/springframework/boot/spring-boot-starter-json/3.3.13/spring-boot-starter-json-3.3.13.jar:/Users/matos.weslley/apache-maven-3.9.6/repo/com/fasterxml/jackson/core/jackson-databind/2.17.3/jackson-databind-2.17.3.jar:/Users/matos.weslley/apache-maven-3.9.6/repo/com/fasterxml/jackson/core/jackson-annotations/2.17.3/jackson-annotations-2.17.3.jar:/Users/matos.weslley/apache-maven-3.9.6/repo/com/fasterxml/jackson/core/jackson-core/2.17.3/jackson-core-2.17.3.jar:/Users/matos.weslley/apache-maven-3.9.6/repo/com/fasterxml/jackson/datatype/jackson-datatype-jdk8/2.17.3/jackson-datatype-jdk8-2.17.3.jar:/Users/matos.weslley/apache-maven-3.9.6/repo/com/fasterxml/jackson/datatype/jackson-datatype-jsr310/2.17.3/jackson-datatype-jsr310-2.17.3.jar:/Users/matos.weslley/apache-maven-3.9.6/repo/com/fasterxml/jackson/module/jackson-module-parameter-names/2.17.3/jackson-module-parameter-names-2.17.3.jar:/Users/matos.weslley/apache-maven-3.9.6/repo/org/springframework/boot/spring-boot-starter-tomcat/3.3.13/spring-boot-starter-tomcat-3.3.13.jar:/Users/matos.weslley/apache-maven-3.9.6/repo/org/apache/tomcat/embed/tomcat-embed-core/10.1.42/tomcat-embed-core-10.1.42.jar:/Users/matos.weslley/apache-maven-3.9.6/repo/org/apache/tomcat/embed/tomcat-embed-websocket/10.1.42/tomcat-embed-websocket-10.1.42.jar:/Users/matos.weslley/apache-maven-3.9.6/repo/org/springframework/spring-web/6.1.21/spring-web-6.1.21.jar:/Users/matos.weslley/apache-maven-3.9.6/repo/org/springframework/spring-beans/6.1.21/spring-beans-6.1.21.jar:/Users/matos.weslley/apache-maven-3.9.6/repo/org/springframework/spring-webmvc/6.1.21/spring-webmvc-6.1.21.jar:/Users/matos.weslley/apache-maven-3.9.6/repo/org/springframework/spring-context/6.1.21/spring-context-6.1.21.jar:/Users/matos.weslley/apache-maven-3.9.6/repo/org/springframework/spring-expression/6.1.21/spring-expression-6.1.21.jar:/Users/matos.weslley/apache-maven-3.9.6/repo/org/springframework/boot/spring-boot-starter-data-jpa/3.3.13/spring-boot-starter-data-jpa-3.3.13.jar:/Users/matos.weslley/apache-maven-3.9.6/repo/org/springframework/boot/spring-boot-starter-aop/3.3.13/spring-boot-starter-aop-3.3.13.jar:/Users/matos.weslley/apache-maven-3.9.6/repo/org/aspectj/aspectjweaver/1.9.24/aspectjweaver-1.9.24.jar:/Users/matos.weslley/apache-maven-3.9.6/repo/org/springframework/boot/spring-boot-starter-jdbc/3.3.13/spring-boot-starter-jdbc-3.3.13.jar:/Users/matos.weslley/apache-maven-3.9.6/repo/com/zaxxer/HikariCP/5.1.0/HikariCP-5.1.0.jar:/Users/matos.weslley/apache-maven-3.9.6/repo/org/springframework/spring-jdbc/6.1.21/spring-jdbc-6.1.21.jar:/Users/matos.weslley/apache-maven-3.9.6/repo/org/hibernate/orm/hibernate-core/6.5.3.Final/hibernate-core-6.5.3.Final.jar:/Users/matos.weslley/apache-maven-3.9.6/repo/jakarta/persistence/jakarta.persistence-api/3.1.0/jakarta.persistence-api-3.1.0.jar:/Users/matos.weslley/apache-maven-3.9.6/repo/jakarta/transaction/jakarta.transaction-api/2.0.1/jakarta.transaction-api-2.0.1.jar:/Users/matos.weslley/apache-maven-3.9.6/repo/org/jboss/logging/jboss-logging/3.5.3.Final/jboss-logging-3.5.3.Final.jar:/Users/matos.weslley/apache-maven-3.9.6/repo/org/hibernate/common/hibernate-commons-annotations/6.0.6.Final/hibernate-commons-annotations-6.0.6.Final.jar:/Users/matos.weslley/apache-maven-3.9.6/repo/io/smallrye/jandex/3.1.2/jandex-3.1.2.jar:/Users/matos.weslley/apache-maven-3.9.6/repo/com/fasterxml/classmate/1.7.0/classmate-1.7.0.jar:/Users/matos.weslley/apache-maven-3.9.6/repo/org/glassfish/jaxb/jaxb-runtime/4.0.5/jaxb-runtime-4.0.5.jar:/Users/matos.weslley/apache-maven-3.9.6/repo/org/glassfish/jaxb/jaxb-core/4.0.5/jaxb-core-4.0.5.jar:/Users/matos.weslley/apache-maven-3.9.6/repo/org/eclipse/angus/angus-activation/2.0.2/angus-activation-2.0.2.jar:/Users/matos.weslley/apache-maven-3.9.6/repo/org/glassfish/jaxb/txw2/4.0.5/txw2-4.0.5.jar:/Users/matos.weslley/apache-maven-3.9.6/repo/com/sun/istack/istack-commons-runtime/4.1.2/istack-commons-runtime-4.1.2.jar:/Users/matos.weslley/apache-maven-3.9.6/repo/jakarta/inject/jakarta.inject-api/2.0.1/jakarta.inject-api-2.0.1.jar:/Users/matos.weslley/apache-maven-3.9.6/repo/org/antlr/antlr4-runtime/4.13.0/antlr4-runtime-4.13.0.jar:/Users/matos.weslley/apache-maven-3.9.6/repo/org/springframework/data/spring-data-jpa/3.3.13/spring-data-jpa-3.3.13.jar:/Users/matos.weslley/apache-maven-3.9.6/repo/org/springframework/data/spring-data-commons/3.3.13/spring-data-commons-3.3.13.jar:/Users/matos.weslley/apache-maven-3.9.6/repo/org/springframework/spring-orm/6.1.21/spring-orm-6.1.21.jar:/Users/matos.weslley/apache-maven-3.9.6/repo/org/springframework/spring-tx/6.1.21/spring-tx-6.1.21.jar:/Users/matos.weslley/apache-maven-3.9.6/repo/org/slf4j/slf4j-api/2.0.17/slf4j-api-2.0.17.jar:/Users/matos.weslley/apache-maven-3.9.6/repo/org/springframework/spring-aspects/6.1.21/spring-aspects-6.1.21.jar:/Users/matos.weslley/apache-maven-3.9.6/repo/org/springframework/boot/spring-boot-starter-security/3.3.13/spring-boot-starter-security-3.3.13.jar:/Users/matos.weslley/apache-maven-3.9.6/repo/org/springframework/spring-aop/6.1.21/spring-aop-6.1.21.jar:/Users/matos.weslley/apache-maven-3.9.6/repo/org/springframework/security/spring-security-config/6.3.10/spring-security-config-6.3.10.jar:/Users/matos.weslley/apache-maven-3.9.6/repo/org/springframework/security/spring-security-core/6.3.10/spring-security-core-6.3.10.jar:/Users/matos.weslley/apache-maven-3.9.6/repo/org/springframework/security/spring-security-crypto/6.3.10/spring-security-crypto-6.3.10.jar:/Users/matos.weslley/apache-maven-3.9.6/repo/org/springframework/security/spring-security-web/6.3.10/spring-security-web-6.3.10.jar:/Users/matos.weslley/apache-maven-3.9.6/repo/org/springframework/boot/spring-boot-starter-validation/3.3.13/spring-boot-starter-validation-3.3.13.jar:/Users/matos.weslley/apache-maven-3.9.6/repo/org/apache/tomcat/embed/tomcat-embed-el/10.1.42/tomcat-embed-el-10.1.42.jar:/Users/matos.weslley/apache-maven-3.9.6/repo/org/hibernate/validator/hibernate-validator/8.0.2.Final/hibernate-validator-8.0.2.Final.jar:/Users/matos.weslley/apache-maven-3.9.6/repo/jakarta/validation/jakarta.validation-api/3.0.2/jakarta.validation-api-3.0.2.jar:/Users/matos.weslley/apache-maven-3.9.6/repo/org/springframework/boot/spring-boot-starter-actuator/3.3.13/spring-boot-starter-actuator-3.3.13.jar:/Users/matos.weslley/apache-maven-3.9.6/repo/org/springframework/boot/spring-boot-actuator-autoconfigure/3.3.13/spring-boot-actuator-autoconfigure-3.3.13.jar:/Users/matos.weslley/apache-maven-3.9.6/repo/org/springframework/boot/spring-boot-actuator/3.3.13/spring-boot-actuator-3.3.13.jar:/Users/matos.weslley/apache-maven-3.9.6/repo/io/micrometer/micrometer-observation/1.13.15/micrometer-observation-1.13.15.jar:/Users/matos.weslley/apache-maven-3.9.6/repo/io/micrometer/micrometer-commons/1.13.15/micrometer-commons-1.13.15.jar:/Users/matos.weslley/apache-maven-3.9.6/repo/io/micrometer/micrometer-jakarta9/1.13.15/micrometer-jakarta9-1.13.15.jar:/Users/matos.weslley/apache-maven-3.9.6/repo/io/micrometer/micrometer-core/1.13.15/micrometer-core-1.13.15.jar:/Users/matos.weslley/apache-maven-3.9.6/repo/org/hdrhistogram/HdrHistogram/2.2.2/HdrHistogram-2.2.2.jar:/Users/matos.weslley/apache-maven-3.9.6/repo/org/latencyutils/LatencyUtils/2.0.3/LatencyUtils-2.0.3.jar:/Users/matos.weslley/apache-maven-3.9.6/repo/org/springframework/boot/spring-boot-starter-test/3.3.13/spring-boot-starter-test-3.3.13.jar:/Users/matos.weslley/apache-maven-3.9.6/repo/org/springframework/boot/spring-boot-test/3.3.13/spring-boot-test-3.3.13.jar:/Users/matos.weslley/apache-maven-3.9.6/repo/org/springframework/boot/spring-boot-test-autoconfigure/3.3.13/spring-boot-test-autoconfigure-3.3.13.jar:/Users/matos.weslley/apache-maven-3.9.6/repo/com/jayway/jsonpath/json-path/2.9.0/json-path-2.9.0.jar:/Users/matos.weslley/apache-maven-3.9.6/repo/jakarta/xml/bind/jakarta.xml.bind-api/4.0.2/jakarta.xml.bind-api-4.0.2.jar:/Users/matos.weslley/apache-maven-3.9.6/repo/jakarta/activation/jakarta.activation-api/2.1.3/jakarta.activation-api-2.1.3.jar:/Users/matos.weslley/apache-maven-3.9.6/repo/net/minidev/json-smart/2.5.2/json-smart-2.5.2.jar:/Users/matos.weslley/apache-maven-3.9.6/repo/net/minidev/accessors-smart/2.5.2/accessors-smart-2.5.2.jar:/Users/matos.weslley/apache-maven-3.9.6/repo/org/ow2/asm/asm/9.7.1/asm-9.7.1.jar:/Users/matos.weslley/apache-maven-3.9.6/repo/org/assertj/assertj-core/3.25.3/assertj-core-3.25.3.jar:/Users/matos.weslley/apache-maven-3.9.6/repo/org/awaitility/awaitility/4.2.2/awaitility-4.2.2.jar:/Users/matos.weslley/apache-maven-3.9.6/repo/org/hamcrest/hamcrest/2.2/hamcrest-2.2.jar:/Users/matos.weslley/apache-maven-3.9.6/repo/org/junit/jupiter/junit-jupiter/5.10.5/junit-jupiter-5.10.5.jar:/Users/matos.weslley/apache-maven-3.9.6/repo/org/junit/jupiter/junit-jupiter-params/5.10.5/junit-jupiter-params-5.10.5.jar:/Users/matos.weslley/apache-maven-3.9.6/repo/org/junit/jupiter/junit-jupiter-engine/5.10.5/junit-jupiter-engine-5.10.5.jar:/Users/matos.weslley/apache-maven-3.9.6/repo/org/junit/platform/junit-platform-engine/1.10.5/junit-platform-engine-1.10.5.jar:/Users/matos.weslley/apache-maven-3.9.6/repo/org/skyscreamer/jsonassert/1.5.3/jsonassert-1.5.3.jar:/Users/matos.weslley/apache-maven-3.9.6/repo/com/vaadin/external/google/android-json/0.0.20131108.vaadin1/android-json-0.0.20131108.vaadin1.jar:/Users/matos.weslley/apache-maven-3.9.6/repo/org/springframework/spring-core/6.1.21/spring-core-6.1.21.jar:/Users/matos.weslley/apache-maven-3.9.6/repo/org/springframework/spring-jcl/6.1.21/spring-jcl-6.1.21.jar:/Users/matos.weslley/apache-maven-3.9.6/repo/org/springframework/spring-test/6.1.21/spring-test-6.1.21.jar:/Users/matos.weslley/apache-maven-3.9.6/repo/org/xmlunit/xmlunit-core/2.9.1/xmlunit-core-2.9.1.jar:/Users/matos.weslley/apache-maven-3.9.6/repo/org/projectlombok/lombok/1.18.38/lombok-1.18.38.jar:/Users/matos.weslley/apache-maven-3.9.6/repo/mysql/mysql-connector-java/8.0.28/mysql-connector-java-8.0.28.jar:/Users/matos.weslley/apache-maven-3.9.6/repo/com/google/protobuf/protobuf-java/3.11.4/protobuf-java-3.11.4.jar:/Users/matos.weslley/apache-maven-3.9.6/repo/org/springdoc/springdoc-openapi-starter-webmvc-ui/2.5.0/springdoc-openapi-starter-webmvc-ui-2.5.0.jar:/Users/matos.weslley/apache-maven-3.9.6/repo/org/springdoc/springdoc-openapi-starter-webmvc-api/2.5.0/springdoc-openapi-starter-webmvc-api-2.5.0.jar:/Users/matos.weslley/apache-maven-3.9.6/repo/org/springdoc/springdoc-openapi-starter-common/2.5.0/springdoc-openapi-starter-common-2.5.0.jar:/Users/matos.weslley/apache-maven-3.9.6/repo/io/swagger/core/v3/swagger-core-jakarta/2.2.21/swagger-core-jakarta-2.2.21.jar:/Users/matos.weslley/apache-maven-3.9.6/repo/org/apache/commons/commons-lang3/3.14.0/commons-lang3-3.14.0.jar:/Users/matos.weslley/apache-maven-3.9.6/repo/io/swagger/core/v3/swagger-annotations-jakarta/2.2.21/swagger-annotations-jakarta-2.2.21.jar:/Users/matos.weslley/apache-maven-3.9.6/repo/io/swagger/core/v3/swagger-models-jakarta/2.2.21/swagger-models-jakarta-2.2.21.jar:/Users/matos.weslley/apache-maven-3.9.6/repo/com/fasterxml/jackson/dataformat/jackson-dataformat-yaml/2.17.3/jackson-dataformat-yaml-2.17.3.jar:/Users/matos.weslley/apache-maven-3.9.6/repo/org/webjars/swagger-ui/5.13.0/swagger-ui-5.13.0.jar:/Users/matos.weslley/apache-maven-3.9.6/repo/org/mockito/mockito-core/5.11.0/mockito-core-5.11.0.jar:/Users/matos.weslley/apache-maven-3.9.6/repo/net/bytebuddy/byte-buddy/1.14.19/byte-buddy-1.14.19.jar:/Users/matos.weslley/apache-maven-3.9.6/repo/net/bytebuddy/byte-buddy-agent/1.14.19/byte-buddy-agent-1.14.19.jar:/Users/matos.weslley/apache-maven-3.9.6/repo/org/objenesis/objenesis/3.3/objenesis-3.3.jar:/Users/matos.weslley/apache-maven-3.9.6/repo/org/mockito/mockito-junit-jupiter/5.11.0/mockito-junit-jupiter-5.11.0.jar:/Users/matos.weslley/apache-maven-3.9.6/repo/org/junit/jupiter/junit-jupiter-api/5.10.5/junit-jupiter-api-5.10.5.jar:/Users/matos.weslley/apache-maven-3.9.6/repo/org/opentest4j/opentest4j/1.3.0/opentest4j-1.3.0.jar:/Users/matos.weslley/apache-maven-3.9.6/repo/org/junit/platform/junit-platform-commons/1.10.5/junit-platform-commons-1.10.5.jar:/Users/matos.weslley/apache-maven-3.9.6/repo/org/apiguardian/apiguardian-api/1.1.2/apiguardian-api-1.1.2.jar:/Users/matos.weslley/apache-maven-3.9.6/repo/com/h2database/h2/2.2.224/h2-2.2.224.jar:"/>
    <property name="sun.cpu.endian" value="little"/>
    <property name="user.home" value="/Users/matos.weslley"/>
    <property name="user.language" value="pt"/>
    <property name="java.specification.vendor" value="Oracle Corporation"/>
    <property name="java.version.date" value="2025-07-15"/>
    <property name="java.home" value="/Library/Java/JavaVirtualMachines/temurin-21.jdk/Contents/Home"/>
    <property name="file.separator" value="/"/>
    <property name="basedir" value="/Users/matos.weslley/Desktop/matcarv-mockito-test-api"/>
    <property name="java.vm.compressedOopsMode" value="Zero based"/>
    <property name="line.separator" value="&#10;"/>
    <property name="java.vm.specification.vendor" value="Oracle Corporation"/>
    <property name="java.specification.name" value="Java Platform API Specification"/>
    <property name="apple.awt.application.name" value="ForkedBooter"/>
    <property name="surefire.real.class.path" value="/Users/matos.weslley/Desktop/matcarv-mockito-test-api/target/surefire/surefirebooter-20250906145651182_3.jar"/>
    <property name="sun.management.compiler" value="HotSpot 64-Bit Tiered Compilers"/>
    <property name="ftp.nonProxyHosts" value="local|*.local|169.254/16|*.169.254/16"/>
    <property name="java.runtime.version" value="21.0.8+9-LTS"/>
    <property name="user.name" value="matos.weslley"/>
    <property name="stdout.encoding" value="UTF-8"/>
    <property name="path.separator" value=":"/>
    <property name="os.version" value="15.6.1"/>
    <property name="java.runtime.name" value="OpenJDK Runtime Environment"/>
    <property name="file.encoding" value="UTF-8"/>
    <property name="java.vm.name" value="OpenJDK 64-Bit Server VM"/>
    <property name="java.vendor.version" value="Temurin-21.0.8+9"/>
    <property name="localRepository" value="/Users/matos.weslley/apache-maven-3.9.6/repo"/>
    <property name="java.vendor.url.bug" value="https://github.com/adoptium/adoptium-support/issues"/>
    <property name="java.io.tmpdir" value="/var/folders/_y/3gdlw_591jj49lr8pzbg81_c0000gn/T/"/>
    <property name="java.version" value="21.0.8"/>
    <property name="user.dir" value="/Users/matos.weslley/Desktop/matcarv-mockito-test-api"/>
    <property name="os.arch" value="aarch64"/>
    <property name="java.vm.specification.name" value="Java Virtual Machine Specification"/>
    <property name="native.encoding" value="UTF-8"/>
    <property name="java.library.path" value="/Users/matos.weslley/Library/Java/Extensions:/Library/Java/Extensions:/Network/Library/Java/Extensions:/System/Library/Java/Extensions:/usr/lib/java:."/>
    <property name="java.vm.info" value="mixed mode, sharing"/>
    <property name="stderr.encoding" value="UTF-8"/>
    <property name="java.vendor" value="Eclipse Adoptium"/>
    <property name="java.vm.version" value="21.0.8+9-LTS"/>
    <property name="sun.io.unicode.encoding" value="UnicodeBig"/>
    <property name="socksNonProxyHosts" value="local|*.local|169.254/16|*.169.254/16"/>
    <property name="java.class.version" value="65.0"/>
  </properties>
  <testcase name="testInsertOrUpdateInsert" classname="com.matcarv.app.business.ClienteBusinessImplTest" time="0.184"/>
  <testcase name="testFindById" classname="com.matcarv.app.business.ClienteBusinessImplTest" time="0.001"/>
  <testcase name="testInsertOrUpdateUpdate" classname="com.matcarv.app.business.ClienteBusinessImplTest" time="0.104"/>
  <testcase name="testDeleteById" classname="com.matcarv.app.business.ClienteBusinessImplTest" time="0.002"/>
  <testcase name="testFindByCpf" classname="com.matcarv.app.business.ClienteBusinessImplTest" time="0.002"/>
</testsuite>